{"/Users/dmr/test-assignment/hailstone/server/src/config/interval.ts": {"path":"/Users/dmr/test-assignment/hailstone/server/src/config/interval.ts","statementMap":{"0":{"start":{"line":2,"column":32},"end":{"line":2,"column":57}},"1":{"start":{"line":2,"column":75},"end":{"line":2,"column":89}},"2":{"start":{"line":1,"column":0},"end":{"line":1,"column":13}},"3":{"start":{"line":5,"column":15},"end":{"line":5,"column":34}},"4":{"start":{"line":6,"column":13},"end":{"line":6,"column":37}},"5":{"start":{"line":7,"column":13},"end":{"line":12,"column":2}}},"fnMap":{"0":{"name":"(anonymous_0)","decl":{"start":{"line":2,"column":4},"end":{"line":2,"column":32}},"loc":{"start":{"line":2,"column":89},"end":{"line":2,"column":93}}}},"branchMap":{},"s":{"0":6,"1":6,"2":1,"3":1,"4":1,"5":1},"f":{"0":6},"b":{}}
,"/Users/dmr/test-assignment/hailstone/server/src/service/blockchain.service.ts": {"path":"/Users/dmr/test-assignment/hailstone/server/src/service/blockchain.service.ts","statementMap":{"0":{"start":{"line":1,"column":0},"end":{"line":1,"column":44}},"1":{"start":{"line":2,"column":0},"end":{"line":2,"column":44}},"2":{"start":{"line":3,"column":0},"end":{"line":3,"column":37}},"3":{"start":{"line":6,"column":7},"end":{"line":18,"column":null}},"4":{"start":{"line":7,"column":24},"end":{"line":7,"column":37}},"5":{"start":{"line":10,"column":24},"end":{"line":10,"column":60}},"6":{"start":{"line":11,"column":20},"end":{"line":11,"column":146}},"7":{"start":{"line":13,"column":8},"end":{"line":16,"column":25}},"8":{"start":{"line":15,"column":34},"end":{"line":15,"column":64}},"9":{"start":{"line":6,"column":13},"end":{"line":18,"column":null}},"10":{"start":{"line":6,"column":13},"end":{"line":6,"column":30}}},"fnMap":{"0":{"name":"(anonymous_2)","decl":{"start":{"line":7,"column":4},"end":{"line":7,"column":24}},"loc":{"start":{"line":7,"column":48},"end":{"line":7,"column":52}}},"1":{"name":"(anonymous_3)","decl":{"start":{"line":9,"column":4},"end":{"line":9,"column":23}},"loc":{"start":{"line":9,"column":58},"end":{"line":17,"column":5}}},"2":{"name":"(anonymous_4)","decl":{"start":{"line":15,"column":22},"end":{"line":15,"column":30}},"loc":{"start":{"line":15,"column":34},"end":{"line":15,"column":64}}}},"branchMap":{},"s":{"0":3,"1":3,"2":3,"3":3,"4":2,"5":1,"6":1,"7":1,"8":1,"9":3,"10":3},"f":{"0":2,"1":1,"2":1},"b":{}}
,"/Users/dmr/test-assignment/hailstone/server/src/service/swap.service.ts": {"path":"/Users/dmr/test-assignment/hailstone/server/src/service/swap.service.ts","statementMap":{"0":{"start":{"line":1,"column":0},"end":{"line":1,"column":44}},"1":{"start":{"line":2,"column":0},"end":{"line":2,"column":32}},"2":{"start":{"line":3,"column":0},"end":{"line":3,"column":37}},"3":{"start":{"line":5,"column":0},"end":{"line":5,"column":57}},"4":{"start":{"line":8,"column":7},"end":{"line":71,"column":null}},"5":{"start":{"line":9,"column":33},"end":{"line":9,"column":52}},"6":{"start":{"line":11,"column":4},"end":{"line":11,"column":108}},"7":{"start":{"line":12,"column":4},"end":{"line":12,"column":116}},"8":{"start":{"line":13,"column":4},"end":{"line":13,"column":67}},"9":{"start":{"line":14,"column":4},"end":{"line":14,"column":73}},"10":{"start":{"line":15,"column":4},"end":{"line":15,"column":14}},"11":{"start":{"line":16,"column":4},"end":{"line":16,"column":80}},"12":{"start":{"line":19,"column":20},"end":{"line":19,"column":59}},"13":{"start":{"line":21,"column":36},"end":{"line":21,"column":38}},"14":{"start":{"line":23,"column":8},"end":{"line":39,"column":null}},"15":{"start":{"line":23,"column":21},"end":{"line":23,"column":22}},"16":{"start":{"line":24,"column":41},"end":{"line":24,"column":83}},"17":{"start":{"line":25,"column":39},"end":{"line":25,"column":75}},"18":{"start":{"line":26,"column":30},"end":{"line":26,"column":90}},"19":{"start":{"line":27,"column":28},"end":{"line":27,"column":86}},"20":{"start":{"line":28,"column":12},"end":{"line":38,"column":null}},"21":{"start":{"line":29,"column":31},"end":{"line":29,"column":59}},"22":{"start":{"line":30,"column":31},"end":{"line":30,"column":90}},"23":{"start":{"line":31,"column":39},"end":{"line":31,"column":101}},"24":{"start":{"line":31,"column":62},"end":{"line":31,"column":100}},"25":{"start":{"line":33,"column":16},"end":{"line":37,"column":19}},"26":{"start":{"line":41,"column":8},"end":{"line":41,"column":35}},"27":{"start":{"line":45,"column":30},"end":{"line":45,"column":34}},"28":{"start":{"line":46,"column":26},"end":{"line":46,"column":69}},"29":{"start":{"line":48,"column":8},"end":{"line":61,"column":11}},"30":{"start":{"line":49,"column":25},"end":{"line":53,"column":17}},"31":{"start":{"line":50,"column":33},"end":{"line":50,"column":35}},"32":{"start":{"line":51,"column":38},"end":{"line":51,"column":95}},"33":{"start":{"line":52,"column":16},"end":{"line":52,"column":69}},"34":{"start":{"line":55,"column":33},"end":{"line":55,"column":107}},"35":{"start":{"line":57,"column":12},"end":{"line":60,"column":14}},"36":{"start":{"line":65,"column":28},"end":{"line":65,"column":96}},"37":{"start":{"line":66,"column":8},"end":{"line":68,"column":null}},"38":{"start":{"line":67,"column":12},"end":{"line":67,"column":50}},"39":{"start":{"line":69,"column":8},"end":{"line":69,"column":27}},"40":{"start":{"line":8,"column":13},"end":{"line":71,"column":null}},"41":{"start":{"line":8,"column":13},"end":{"line":8,"column":24}}},"fnMap":{"0":{"name":"(anonymous_3)","decl":{"start":{"line":9,"column":4},"end":{"line":9,"column":33}},"loc":{"start":{"line":9,"column":69},"end":{"line":9,"column":73}}},"1":{"name":"(anonymous_4)","decl":{"start":{"line":18,"column":4},"end":{"line":18,"column":9}},"loc":{"start":{"line":18,"column":60},"end":{"line":42,"column":5}}},"2":{"name":"(anonymous_5)","decl":{"start":{"line":31,"column":53},"end":{"line":31,"column":58}},"loc":{"start":{"line":31,"column":62},"end":{"line":31,"column":100}}},"3":{"name":"(anonymous_6)","decl":{"start":{"line":44,"column":4},"end":{"line":44,"column":9}},"loc":{"start":{"line":44,"column":58},"end":{"line":62,"column":5}}},"4":{"name":"(anonymous_7)","decl":{"start":{"line":48,"column":29},"end":{"line":48,"column":35}},"loc":{"start":{"line":48,"column":38},"end":{"line":61,"column":9}}},"5":{"name":"(anonymous_8)","decl":{"start":{"line":49,"column":54},"end":{"line":49,"column":55}},"loc":{"start":{"line":49,"column":69},"end":{"line":53,"column":13}}},"6":{"name":"(anonymous_9)","decl":{"start":{"line":64,"column":4},"end":{"line":64,"column":9}},"loc":{"start":{"line":64,"column":47},"end":{"line":70,"column":5}}}},"branchMap":{"0":{"loc":{"start":{"line":28,"column":12},"end":{"line":38,"column":null}},"type":"if","locations":[{"start":{"line":28,"column":12},"end":{"line":38,"column":null}}]},"1":{"loc":{"start":{"line":66,"column":8},"end":{"line":68,"column":null}},"type":"if","locations":[{"start":{"line":66,"column":8},"end":{"line":68,"column":null}}]}},"s":{"0":2,"1":2,"2":2,"3":2,"4":2,"5":2,"6":2,"7":2,"8":2,"9":2,"10":2,"11":2,"12":1,"13":1,"14":1,"15":1,"16":15,"17":15,"18":15,"19":15,"20":15,"21":1,"22":1,"23":1,"24":0,"25":1,"26":1,"27":1,"28":1,"29":1,"30":1,"31":0,"32":0,"33":0,"34":1,"35":1,"36":30,"37":30,"38":30,"39":0,"40":2,"41":2},"f":{"0":2,"1":1,"2":0,"3":1,"4":1,"5":0,"6":30},"b":{"0":[1],"1":[30]}}
,"/Users/dmr/test-assignment/hailstone/server/src/service/dto/swap.dto.ts": {"path":"/Users/dmr/test-assignment/hailstone/server/src/service/dto/swap.dto.ts","statementMap":{"0":{"start":{"line":1,"column":0},"end":{"line":1,"column":64}},"1":{"start":{"line":4,"column":4},"end":{"line":6,"column":null}},"2":{"start":{"line":3,"column":0},"end":{"line":3,"column":13}}},"fnMap":{},"branchMap":{},"s":{"0":1,"1":1,"2":1},"f":{},"b":{}}
,"/Users/dmr/test-assignment/hailstone/server/src/web/rest/swap.controller.ts": {"path":"/Users/dmr/test-assignment/hailstone/server/src/web/rest/swap.controller.ts","statementMap":{"0":{"start":{"line":1,"column":0},"end":{"line":1,"column":63}},"1":{"start":{"line":2,"column":0},"end":{"line":2,"column":50}},"2":{"start":{"line":3,"column":0},"end":{"line":3,"column":53}},"3":{"start":{"line":4,"column":0},"end":{"line":4,"column":57}},"4":{"start":{"line":7,"column":7},"end":{"line":18,"column":null}},"5":{"start":{"line":8,"column":33},"end":{"line":8,"column":46}},"6":{"start":{"line":12,"column":25},"end":{"line":12,"column":79}},"7":{"start":{"line":12,"column":45},"end":{"line":12,"column":68}},"8":{"start":{"line":13,"column":8},"end":{"line":15,"column":null}},"9":{"start":{"line":14,"column":12},"end":{"line":14,"column":65}},"10":{"start":{"line":16,"column":8},"end":{"line":16,"column":69}},"11":{"start":{"line":11,"column":10},"end":{"line":17,"column":null}},"12":{"start":{"line":7,"column":13},"end":{"line":18,"column":null}},"13":{"start":{"line":7,"column":13},"end":{"line":7,"column":27}}},"fnMap":{"0":{"name":"(anonymous_4)","decl":{"start":{"line":8,"column":4},"end":{"line":8,"column":33}},"loc":{"start":{"line":8,"column":57},"end":{"line":8,"column":61}}},"1":{"name":"(anonymous_5)","decl":{"start":{"line":11,"column":4},"end":{"line":11,"column":9}},"loc":{"start":{"line":11,"column":92},"end":{"line":17,"column":5}}},"2":{"name":"(anonymous_6)","decl":{"start":{"line":12,"column":40},"end":{"line":12,"column":41}},"loc":{"start":{"line":12,"column":45},"end":{"line":12,"column":68}}}},"branchMap":{"0":{"loc":{"start":{"line":12,"column":25},"end":{"line":12,"column":79}},"type":"cond-expr","locations":[{"start":{"line":12,"column":69},"end":{"line":12,"column":71}},{"start":{"line":12,"column":69},"end":{"line":12,"column":79}}]},"1":{"loc":{"start":{"line":12,"column":25},"end":{"line":12,"column":71}},"type":"binary-expr","locations":[{"start":{"line":12,"column":25},"end":{"line":12,"column":71}},{"start":{"line":12,"column":69},"end":{"line":12,"column":71}}]},"2":{"loc":{"start":{"line":13,"column":8},"end":{"line":15,"column":null}},"type":"if","locations":[{"start":{"line":13,"column":8},"end":{"line":15,"column":null}}]}},"s":{"0":1,"1":1,"2":1,"3":1,"4":1,"5":1,"6":1,"7":1,"8":1,"9":0,"10":1,"11":1,"12":1,"13":1},"f":{"0":1,"1":1,"2":1},"b":{"0":[0,1],"1":[1,1],"2":[0]}}
}
