TN:
SF:src/config/interval.ts
FN:2,(anonymous_0)
FNF:1
FNH:1
FNDA:6,(anonymous_0)
DA:1,1
DA:2,6
DA:5,1
DA:6,1
DA:7,1
LF:5
LH:5
BRF:0
BRH:0
end_of_record
TN:
SF:src/service/blockchain.service.ts
FN:7,(anonymous_2)
FN:9,(anonymous_3)
FN:15,(anonymous_4)
FNF:3
FNH:3
FNDA:2,(anonymous_2)
FNDA:1,(anonymous_3)
FNDA:1,(anonymous_4)
DA:1,3
DA:2,3
DA:3,3
DA:6,3
DA:7,2
DA:10,1
DA:11,1
DA:13,1
DA:15,1
LF:9
LH:9
BRF:0
BRH:0
end_of_record
TN:
SF:src/service/swap.service.ts
FN:9,(anonymous_3)
FN:18,(anonymous_4)
FN:31,(anonymous_5)
FN:44,(anonymous_6)
FN:48,(anonymous_7)
FN:49,(anonymous_8)
FN:64,(anonymous_9)
FNF:7
FNH:5
FNDA:2,(anonymous_3)
FNDA:1,(anonymous_4)
FNDA:0,(anonymous_5)
FNDA:1,(anonymous_6)
FNDA:1,(anonymous_7)
FNDA:0,(anonymous_8)
FNDA:30,(anonymous_9)
DA:1,2
DA:2,2
DA:3,2
DA:5,2
DA:8,2
DA:9,2
DA:11,2
DA:12,2
DA:13,2
DA:14,2
DA:15,2
DA:16,2
DA:19,1
DA:21,1
DA:23,1
DA:24,15
DA:25,15
DA:26,15
DA:27,15
DA:28,15
DA:29,1
DA:30,1
DA:31,1
DA:33,1
DA:41,1
DA:45,1
DA:46,1
DA:48,1
DA:49,1
DA:50,0
DA:51,0
DA:52,0
DA:55,1
DA:57,1
DA:65,30
DA:66,30
DA:67,30
DA:69,0
LF:38
LH:34
BRDA:28,0,0,1
BRDA:66,1,0,30
BRF:2
BRH:2
end_of_record
TN:
SF:src/service/dto/swap.dto.ts
FNF:0
FNH:0
DA:1,1
DA:3,1
DA:4,1
LF:3
LH:3
BRF:0
BRH:0
end_of_record
TN:
SF:src/web/rest/swap.controller.ts
FN:8,(anonymous_4)
FN:11,(anonymous_5)
FN:12,(anonymous_6)
FNF:3
FNH:3
FNDA:1,(anonymous_4)
FNDA:1,(anonymous_5)
FNDA:1,(anonymous_6)
DA:1,1
DA:2,1
DA:3,1
DA:4,1
DA:7,1
DA:8,1
DA:11,1
DA:12,1
DA:13,1
DA:14,0
DA:16,1
LF:11
LH:10
BRDA:12,0,0,0
BRDA:12,0,1,1
BRDA:12,1,0,1
BRDA:12,1,1,1
BRDA:13,2,0,0
BRF:5
BRH:3
end_of_record
